<?xml version="1.0" encoding="UTF-8"?>
<testng-results ignored="0" total="1" passed="1" failed="0" skipped="0">
  <reporter-output>
  </reporter-output>
  <suite started-at="2023-01-26T09:56:06 IST" name="Default suite" finished-at="2023-01-26T09:56:15 IST" duration-ms="8406">
    <groups>
    </groups>
    <test started-at="2023-01-26T09:56:06 IST" name="Default test" finished-at="2023-01-26T09:56:15 IST" duration-ms="8406">
      <class name="POJOADEMO.TestPojo">
        <test-method signature="pokoClass()[pri:0, instance:POJOADEMO.TestPojo@4c1909a3]" started-at="2023-01-26T09:56:07 IST" name="pokoClass" finished-at="2023-01-26T09:56:15 IST" duration-ms="8258" status="PASS">
          <reporter-output>
          </reporter-output>
        </test-method> <!-- pokoClass -->
      </class> <!-- POJOADEMO.TestPojo -->
    </test> <!-- Default test -->
  </suite> <!-- Default suite -->
</testng-results>
